<?xml version="1.0" encoding="UTF-8"?>
<!-- Generated by org.testng.reporters.JUnitReportReporter -->
<testsuite skipped="0" hostname="DESKTOP-V87AIUO" name="com.qa.runnerclass.RunnerClass" tests="1" failures="0" timestamp="2023-01-10T09:42:54 PST" time="97.561" errors="0">
  <testcase name="runScenario" time="97.561" classname="com.qa.runnerclass.RunnerClass"/>
  <system-out/>
</testsuite> <!-- com.qa.runnerclass.RunnerClass -->
