<?xml version="1.0" encoding="UTF-8"?>
<!-- Generated by org.testng.reporters.JUnitReportReporter -->
<testsuite skipped="0" hostname="DESKTOP-V87AIUO" name="com.qa.runnerclass.SendEmailRunnerClass" tests="1" failures="0" timestamp="2023-01-11T07:23:21 PST" time="101.134" errors="0">
  <testcase name="runScenario" time="101.134" classname="com.qa.runnerclass.SendEmailRunnerClass"/>
  <system-out/>
</testsuite> <!-- com.qa.runnerclass.SendEmailRunnerClass -->
